Started by user [8mha:////4HTn8uRSyro6YmxeIjZprzLIYGKm7x7O0M0UPbtEklryAAAAlx+LCAAAAAAAAP9b85aBtbiIQTGjNKU4P08vOT+vOD8nVc83PyU1x6OyILUoJzMv2y+/JJUBAhiZGBgqihhk0NSjKDWzXb3RdlLBUSYGJk8GtpzUvPSSDB8G5tKinBIGIZ+sxLJE/ZzEvHT94JKizLx0a6BxUmjGOUNodHsLgAzWEgZu/dLi1CL9xJTczDwAj6GcLcAAAAA=[0mAdmin
Running as SYSTEM
Building in workspace /var/lib/jenkins/workspace/03-projet-metriques
The recommended git tool is: NONE
No credentials specified
 > /usr/bin/git rev-parse --is-inside-work-tree # timeout=10
Fetching changes from the remote Git repository
 > /usr/bin/git config remote.origin.url https://github.com/Ms-27/Spring-Boot-Hello-World-Example # timeout=10
Fetching upstream changes from https://github.com/Ms-27/Spring-Boot-Hello-World-Example
 > /usr/bin/git --version # timeout=10
 > git --version # 'git version 2.17.1'
 > /usr/bin/git fetch --tags --progress -- https://github.com/Ms-27/Spring-Boot-Hello-World-Example +refs/heads/*:refs/remotes/origin/* # timeout=10
 > /usr/bin/git rev-parse refs/remotes/origin/master^{commit} # timeout=10
Checking out Revision 8b83aa9ebaa61f4d68604ef30534615c0acec1c9 (refs/remotes/origin/master)
 > /usr/bin/git config core.sparsecheckout # timeout=10
 > /usr/bin/git checkout -f 8b83aa9ebaa61f4d68604ef30534615c0acec1c9 # timeout=10
Commit message: "Update DemoApplication.java"
 > /usr/bin/git rev-list --no-walk 8b83aa9ebaa61f4d68604ef30534615c0acec1c9 # timeout=10
[Checks API] No suitable checks publisher found.
[03-projet-metriques] $ /usr/share/maven/bin/mvn clean test sonar:sonar findbugs:findbugs pmd:pmd checkstyle:checkstyle
[[1;34mINFO[m] Scanning for projects...
Downloading from central: https://repo.maven.apache.org/maven2/org/codehaus/mojo/sonar-maven-plugin/maven-metadata.xml
Progress (1): 1.2 kB                    Downloaded from central: https://repo.maven.apache.org/maven2/org/codehaus/mojo/sonar-maven-plugin/maven-metadata.xml (1.2 kB at 1.8 kB/s)
Downloading from central: https://repo.maven.apache.org/maven2/org/codehaus/mojo/sonar-maven-plugin/3.7.0.1746/sonar-maven-plugin-3.7.0.1746.pom
Progress (1): 1.1 kB                    Downloaded from central: https://repo.maven.apache.org/maven2/org/codehaus/mojo/sonar-maven-plugin/3.7.0.1746/sonar-maven-plugin-3.7.0.1746.pom (1.1 kB at 50 kB/s)
Downloading from central: https://repo.maven.apache.org/maven2/org/sonarsource/scanner/maven/sonar-maven-plugin/3.7.0.1746/sonar-maven-plugin-3.7.0.1746.pom
Progress (1): 1.4/9.5 kBProgress (1): 2.7/9.5 kBProgress (1): 4.1/9.5 kBProgress (1): 5.5/9.5 kBProgress (1): 6.9/9.5 kBProgress (1): 8.2/9.5 kBProgress (1): 9.5 kB                        Downloaded from central: https://repo.maven.apache.org/maven2/org/sonarsource/scanner/maven/sonar-maven-plugin/3.7.0.1746/sonar-maven-plugin-3.7.0.1746.pom (9.5 kB at 326 kB/s)
Downloading from central: https://repo.maven.apache.org/maven2/org/sonarsource/parent/parent/52/parent-52.pom
Progress (1): 1.4/32 kBProgress (1): 2.7/32 kBProgress (1): 4.1/32 kBProgress (1): 5.5/32 kBProgress (1): 6.9/32 kBProgress (1): 8.2/32 kBProgress (1): 9.6/32 kBProgress (1): 11/32 kB Progress (1): 12/32 kBProgress (1): 14/32 kBProgress (1): 15/32 kBProgress (1): 16/32 kBProgress (1): 18/32 kBProgress (1): 19/32 kBProgress (1): 21/32 kBProgress (1): 22/32 kBProgress (1): 23/32 kBProgress (1): 25/32 kBProgress (1): 26/32 kBProgress (1): 27/32 kBProgress (1): 29/32 kBProgress (1): 30/32 kBProgress (1): 32 kB                      Downloaded from central: https://repo.maven.apache.org/maven2/org/sonarsource/parent/parent/52/parent-52.pom (32 kB at 716 kB/s)
Downloading from central: https://repo.maven.apache.org/maven2/org/sonarsource/scanner/maven/sonar-maven-plugin/3.7.0.1746/sonar-maven-plugin-3.7.0.1746.jar
Progress (1): 1.4/44 kBProgress (1): 2.7/44 kBProgress (1): 4.1/44 kBProgress (1): 5.5/44 kBProgress (1): 6.9/44 kBProgress (1): 8.2/44 kBProgress (1): 9.6/44 kBProgress (1): 11/44 kB Progress (1): 12/44 kBProgress (1): 14/44 kBProgress (1): 15/44 kBProgress (1): 16/44 kBProgress (1): 18/44 kBProgress (1): 19/44 kBProgress (1): 21/44 kBProgress (1): 22/44 kBProgress (1): 23/44 kBProgress (1): 25/44 kBProgress (1): 26/44 kBProgress (1): 27/44 kBProgress (1): 29/44 kBProgress (1): 30/44 kBProgress (1): 32/44 kBProgress (1): 33/44 kBProgress (1): 34/44 kBProgress (1): 36/44 kBProgress (1): 37/44 kBProgress (1): 38/44 kBProgress (1): 40/44 kBProgress (1): 41/44 kBProgress (1): 43/44 kBProgress (1): 44/44 kBProgress (1): 44 kB                      Downloaded from central: https://repo.maven.apache.org/maven2/org/sonarsource/scanner/maven/sonar-maven-plugin/3.7.0.1746/sonar-maven-plugin-3.7.0.1746.jar (44 kB at 1.3 MB/s)
[[1;34mINFO[m] 
[[1;34mINFO[m] [1m--------------------------< [0;36mcom.reytech:demo[0;1m >--------------------------[m
[[1;34mINFO[m] [1mBuilding demo 0.0.1-SNAPSHOT[m
[[1;34mINFO[m] [1m--------------------------------[ jar ]---------------------------------[m
[[1;34mINFO[m] 
[[1;34mINFO[m] [1m--- [0;32mmaven-clean-plugin:3.1.0:clean[m [1m(default-clean)[m @ [36mdemo[0;1m ---[m
[[1;34mINFO[m] Deleting /var/lib/jenkins/workspace/03-projet-metriques/target
[[1;34mINFO[m] 
[[1;34mINFO[m] [1m--- [0;32mjacoco-maven-plugin:0.7.7.201606060606:prepare-agent[m [1m(default)[m @ [36mdemo[0;1m ---[m
[[1;34mINFO[m] argLine set to -javaagent:/var/lib/jenkins/.m2/repository/org/jacoco/org.jacoco.agent/0.7.7.201606060606/org.jacoco.agent-0.7.7.201606060606-runtime.jar=destfile=/var/lib/jenkins/workspace/03-projet-metriques/target/jacoco.exec
[[1;34mINFO[m] 
[[1;34mINFO[m] [1m--- [0;32mmaven-resources-plugin:3.1.0:resources[m [1m(default-resources)[m @ [36mdemo[0;1m ---[m
[[1;34mINFO[m] Using 'UTF-8' encoding to copy filtered resources.
[[1;34mINFO[m] Copying 1 resource
[[1;34mINFO[m] Copying 2 resources
[[1;34mINFO[m] 
[[1;34mINFO[m] [1m--- [0;32mmaven-compiler-plugin:3.8.1:compile[m [1m(default-compile)[m @ [36mdemo[0;1m ---[m
[[1;34mINFO[m] Changes detected - recompiling the module!
[[1;34mINFO[m] Compiling 2 source files to /var/lib/jenkins/workspace/03-projet-metriques/target/classes
[[1;34mINFO[m] 
[[1;34mINFO[m] [1m--- [0;32mmaven-resources-plugin:3.1.0:testResources[m [1m(default-testResources)[m @ [36mdemo[0;1m ---[m
[[1;34mINFO[m] Using 'UTF-8' encoding to copy filtered resources.
[[1;34mINFO[m] skip non existing resourceDirectory /var/lib/jenkins/workspace/03-projet-metriques/src/test/resources
[[1;34mINFO[m] 
[[1;34mINFO[m] [1m--- [0;32mmaven-compiler-plugin:3.8.1:testCompile[m [1m(default-testCompile)[m @ [36mdemo[0;1m ---[m
[[1;34mINFO[m] Changes detected - recompiling the module!
[[1;34mINFO[m] Compiling 3 source files to /var/lib/jenkins/workspace/03-projet-metriques/target/test-classes
[[1;34mINFO[m] 
[[1;34mINFO[m] [1m--- [0;32mmaven-surefire-plugin:2.22.2:test[m [1m(default-test)[m @ [36mdemo[0;1m ---[m
[[1;34mINFO[m] 
[[1;34mINFO[m] -------------------------------------------------------
[[1;34mINFO[m]  T E S T S
[[1;34mINFO[m] -------------------------------------------------------
[[1;34mINFO[m] Running com.reytech.demo.[1mDemoApplicationTests[m
08:38:52.189 [main] DEBUG org.springframework.test.context.BootstrapUtils - Instantiating CacheAwareContextLoaderDelegate from class [org.springframework.test.context.cache.DefaultCacheAwareContextLoaderDelegate]
08:38:52.233 [main] DEBUG org.springframework.test.context.BootstrapUtils - Instantiating BootstrapContext using constructor [public org.springframework.test.context.support.DefaultBootstrapContext(java.lang.Class,org.springframework.test.context.CacheAwareContextLoaderDelegate)]
08:38:52.376 [main] DEBUG org.springframework.test.context.BootstrapUtils - Instantiating TestContextBootstrapper for test class [com.reytech.demo.DemoApplicationTests] from class [org.springframework.boot.test.context.SpringBootTestContextBootstrapper]
08:38:52.428 [main] INFO org.springframework.boot.test.context.SpringBootTestContextBootstrapper - Neither @ContextConfiguration nor @ContextHierarchy found for test class [com.reytech.demo.DemoApplicationTests], using SpringBootContextLoader
08:38:52.449 [main] DEBUG org.springframework.test.context.support.AbstractContextLoader - Did not detect default resource location for test class [com.reytech.demo.DemoApplicationTests]: class path resource [com/reytech/demo/DemoApplicationTests-context.xml] does not exist
08:38:52.450 [main] DEBUG org.springframework.test.context.support.AbstractContextLoader - Did not detect default resource location for test class [com.reytech.demo.DemoApplicationTests]: class path resource [com/reytech/demo/DemoApplicationTestsContext.groovy] does not exist
08:38:52.451 [main] INFO org.springframework.test.context.support.AbstractContextLoader - Could not detect default resource locations for test class [com.reytech.demo.DemoApplicationTests]: no resource found for suffixes {-context.xml, Context.groovy}.
08:38:52.453 [main] INFO org.springframework.test.context.support.AnnotationConfigContextLoaderUtils - Could not detect default configuration classes for test class [com.reytech.demo.DemoApplicationTests]: DemoApplicationTests does not declare any static, non-private, non-final, nested classes annotated with @Configuration.
08:38:52.596 [main] DEBUG org.springframework.test.context.support.ActiveProfilesUtils - Could not find an 'annotation declaring class' for annotation type [org.springframework.test.context.ActiveProfiles] and class [com.reytech.demo.DemoApplicationTests]
08:38:52.737 [main] DEBUG org.springframework.context.annotation.ClassPathScanningCandidateComponentProvider - Identified candidate component class: file [/var/lib/jenkins/workspace/03-projet-metriques/target/classes/com/reytech/demo/DemoApplication.class]
08:38:52.751 [main] INFO org.springframework.boot.test.context.SpringBootTestContextBootstrapper - Found @SpringBootConfiguration com.reytech.demo.DemoApplication for test class com.reytech.demo.DemoApplicationTests
08:38:52.956 [main] DEBUG org.springframework.boot.test.context.SpringBootTestContextBootstrapper - @TestExecutionListeners is not present for class [com.reytech.demo.DemoApplicationTests]: using defaults.
08:38:52.957 [main] INFO org.springframework.boot.test.context.SpringBootTestContextBootstrapper - Loaded default TestExecutionListener class names from location [META-INF/spring.factories]: [org.springframework.boot.test.mock.mockito.MockitoTestExecutionListener, org.springframework.boot.test.mock.mockito.ResetMocksTestExecutionListener, org.springframework.boot.test.autoconfigure.restdocs.RestDocsTestExecutionListener, org.springframework.boot.test.autoconfigure.web.client.MockRestServiceServerResetTestExecutionListener, org.springframework.boot.test.autoconfigure.web.servlet.MockMvcPrintOnlyOnFailureTestExecutionListener, org.springframework.boot.test.autoconfigure.web.servlet.WebDriverTestExecutionListener, org.springframework.boot.test.autoconfigure.webservices.client.MockWebServiceServerTestExecutionListener, org.springframework.test.context.web.ServletTestExecutionListener, org.springframework.test.context.support.DirtiesContextBeforeModesTestExecutionListener, org.springframework.test.context.support.DependencyInjectionTestExecutionListener, org.springframework.test.context.support.DirtiesContextTestExecutionListener, org.springframework.test.context.transaction.TransactionalTestExecutionListener, org.springframework.test.context.jdbc.SqlScriptsTestExecutionListener, org.springframework.test.context.event.EventPublishingTestExecutionListener]
08:38:53.004 [main] DEBUG org.springframework.boot.test.context.SpringBootTestContextBootstrapper - Skipping candidate TestExecutionListener [org.springframework.test.context.transaction.TransactionalTestExecutionListener] due to a missing dependency. Specify custom listener classes or make the default listener classes and their required dependencies available. Offending class: [org/springframework/transaction/TransactionDefinition]
08:38:53.008 [main] DEBUG org.springframework.boot.test.context.SpringBootTestContextBootstrapper - Skipping candidate TestExecutionListener [org.springframework.test.context.jdbc.SqlScriptsTestExecutionListener] due to a missing dependency. Specify custom listener classes or make the default listener classes and their required dependencies available. Offending class: [org/springframework/transaction/interceptor/TransactionAttribute]
08:38:53.009 [main] INFO org.springframework.boot.test.context.SpringBootTestContextBootstrapper - Using TestExecutionListeners: [org.springframework.test.context.web.ServletTestExecutionListener@1ccdc7aa, org.springframework.test.context.support.DirtiesContextBeforeModesTestExecutionListener@1a536164, org.springframework.boot.test.mock.mockito.MockitoTestExecutionListener@1657b017, org.springframework.boot.test.autoconfigure.SpringBootDependencyInjectionTestExecutionListener@368424db, org.springframework.test.context.support.DirtiesContextTestExecutionListener@44864536, org.springframework.test.context.event.EventPublishingTestExecutionListener@455f4483, org.springframework.boot.test.mock.mockito.ResetMocksTestExecutionListener@6e239337, org.springframework.boot.test.autoconfigure.restdocs.RestDocsTestExecutionListener@7996d0d4, org.springframework.boot.test.autoconfigure.web.client.MockRestServiceServerResetTestExecutionListener@fcf9525, org.springframework.boot.test.autoconfigure.web.servlet.MockMvcPrintOnlyOnFailureTestExecutionListener@300bb303, org.springframework.boot.test.autoconfigure.web.servlet.WebDriverTestExecutionListener@4243341e, org.springframework.boot.test.autoconfigure.webservices.client.MockWebServiceServerTestExecutionListener@d1c5cf2]
08:38:53.015 [main] DEBUG org.springframework.test.context.support.AbstractDirtiesContextTestExecutionListener - Before test class: context [DefaultTestContext@7cca31fc testClass = DemoApplicationTests, testInstance = [null], testMethod = [null], testException = [null], mergedContextConfiguration = [WebMergedContextConfiguration@619c3546 testClass = DemoApplicationTests, locations = '{}', classes = '{class com.reytech.demo.DemoApplication}', contextInitializerClasses = '[]', activeProfiles = '{}', propertySourceLocations = '{}', propertySourceProperties = '{org.springframework.boot.test.context.SpringBootTestContextBootstrapper=true}', contextCustomizers = set[org.springframework.boot.test.context.filter.ExcludeFilterContextCustomizer@6a1d3225, org.springframework.boot.test.json.DuplicateJsonObjectContextCustomizerFactory$DuplicateJsonObjectContextCustomizer@4f89331f, org.springframework.boot.test.mock.mockito.MockitoContextCustomizer@0, org.springframework.boot.test.web.client.TestRestTemplateContextCustomizer@59696551, org.springframework.boot.test.autoconfigure.properties.PropertyMappingContextCustomizer@0, org.springframework.boot.test.autoconfigure.web.servlet.WebDriverContextCustomizerFactory$Customizer@6192a5d5, org.springframework.boot.test.context.SpringBootTestArgs@1], resourceBasePath = 'src/main/webapp', contextLoader = 'org.springframework.boot.test.context.SpringBootContextLoader', parent = [null]], attributes = map['org.springframework.test.context.web.ServletTestExecutionListener.activateListener' -> true]], class annotated with @DirtiesContext [false] with mode [null].
BeforeAll
08:38:53.084 [main] DEBUG org.springframework.test.context.support.TestPropertySourceUtils - Adding inlined properties to environment: {spring.jmx.enabled=false, org.springframework.boot.test.context.SpringBootTestContextBootstrapper=true}

  .   ____          _            __ _ _
 /\\ / ___'_ __ _ _(_)_ __  __ _ \ \ \ \
( ( )\___ | '_ | '_| | '_ \/ _` | \ \ \ \
 \\/  ___)| |_)| | | | | || (_| |  ) ) ) )
  '  |____| .__|_| |_|_| |_\__, | / / / /
 =========|_|==============|___/=/_/_/_/
 :: Spring Boot ::        (v2.3.1.RELEASE)

2020-09-23 08:38:53.829  INFO 6201 --- [           main] com.reytech.demo.DemoApplicationTests    : Starting DemoApplicationTests on jenkinsafcepf with PID 6201 (started by jenkins in /var/lib/jenkins/workspace/03-projet-metriques)
2020-09-23 08:38:53.831  INFO 6201 --- [           main] com.reytech.demo.DemoApplicationTests    : No active profile set, falling back to default profiles: default
2020-09-23 08:38:56.607  INFO 6201 --- [           main] o.s.s.concurrent.ThreadPoolTaskExecutor  : Initializing ExecutorService 'applicationTaskExecutor'
2020-09-23 08:38:57.311  INFO 6201 --- [           main] com.reytech.demo.DemoApplicationTests    : Started DemoApplicationTests in 4.209 seconds (JVM running for 7.57)
BeforeEach
TEST 2
AfterEach
BeforeEach
TEST 1
AfterEach
AfterAll
[[1;34mINFO[m] [1;32mTests run: [0;1;32m2[m, Failures: 0, Errors: 0, Skipped: 0, Time elapsed: 5.93 s - in com.reytech.demo.[1mDemoApplicationTests[m
[[1;34mINFO[m] Running com.reytech.demo.[1mStandardAssertionsTest[m
2020-09-23 08:38:57.884  INFO 6201 --- [           main] .b.t.c.SpringBootTestContextBootstrapper : Neither @ContextConfiguration nor @ContextHierarchy found for test class [com.reytech.demo.StandardAssertionsTest], using SpringBootContextLoader
2020-09-23 08:38:57.892  INFO 6201 --- [           main] o.s.t.c.support.AbstractContextLoader    : Could not detect default resource locations for test class [com.reytech.demo.StandardAssertionsTest]: no resource found for suffixes {-context.xml, Context.groovy}.
2020-09-23 08:38:57.893  INFO 6201 --- [           main] t.c.s.AnnotationConfigContextLoaderUtils : Could not detect default configuration classes for test class [com.reytech.demo.StandardAssertionsTest]: StandardAssertionsTest does not declare any static, non-private, non-final, nested classes annotated with @Configuration.
2020-09-23 08:38:57.908  INFO 6201 --- [           main] .b.t.c.SpringBootTestContextBootstrapper : Found @SpringBootConfiguration com.reytech.demo.DemoApplication for test class com.reytech.demo.StandardAssertionsTest
2020-09-23 08:38:57.911  INFO 6201 --- [           main] .b.t.c.SpringBootTestContextBootstrapper : Loaded default TestExecutionListener class names from location [META-INF/spring.factories]: [org.springframework.boot.test.mock.mockito.MockitoTestExecutionListener, org.springframework.boot.test.mock.mockito.ResetMocksTestExecutionListener, org.springframework.boot.test.autoconfigure.restdocs.RestDocsTestExecutionListener, org.springframework.boot.test.autoconfigure.web.client.MockRestServiceServerResetTestExecutionListener, org.springframework.boot.test.autoconfigure.web.servlet.MockMvcPrintOnlyOnFailureTestExecutionListener, org.springframework.boot.test.autoconfigure.web.servlet.WebDriverTestExecutionListener, org.springframework.boot.test.autoconfigure.webservices.client.MockWebServiceServerTestExecutionListener, org.springframework.test.context.web.ServletTestExecutionListener, org.springframework.test.context.support.DirtiesContextBeforeModesTestExecutionListener, org.springframework.test.context.support.DependencyInjectionTestExecutionListener, org.springframework.test.context.support.DirtiesContextTestExecutionListener, org.springframework.test.context.transaction.TransactionalTestExecutionListener, org.springframework.test.context.jdbc.SqlScriptsTestExecutionListener, org.springframework.test.context.event.EventPublishingTestExecutionListener]
2020-09-23 08:38:57.913  INFO 6201 --- [           main] .b.t.c.SpringBootTestContextBootstrapper : Using TestExecutionListeners: [org.springframework.test.context.web.ServletTestExecutionListener@708c1263, org.springframework.test.context.support.DirtiesContextBeforeModesTestExecutionListener@35b2a73e, org.springframework.boot.test.mock.mockito.MockitoTestExecutionListener@885ac1a, org.springframework.boot.test.autoconfigure.SpringBootDependencyInjectionTestExecutionListener@65dfb9ed, org.springframework.test.context.support.DirtiesContextTestExecutionListener@7550b03f, org.springframework.test.context.event.EventPublishingTestExecutionListener@557b62fc, org.springframework.boot.test.mock.mockito.ResetMocksTestExecutionListener@703be135, org.springframework.boot.test.autoconfigure.restdocs.RestDocsTestExecutionListener@68332e0e, org.springframework.boot.test.autoconfigure.web.client.MockRestServiceServerResetTestExecutionListener@1812ba7f, org.springframework.boot.test.autoconfigure.web.servlet.MockMvcPrintOnlyOnFailureTestExecutionListener@16704703, org.springframework.boot.test.autoconfigure.web.servlet.WebDriverTestExecutionListener@39ed2eb1, org.springframework.boot.test.autoconfigure.webservices.client.MockWebServiceServerTestExecutionListener@485f34dc]
[[1;34mINFO[m] [1;32mTests run: [0;1;32m2[m, Failures: 0, Errors: 0, Skipped: 0, Time elapsed: 0.027 s - in com.reytech.demo.[1mStandardAssertionsTest[m
2020-09-23 08:38:58.034  INFO 6201 --- [extShutdownHook] o.s.s.concurrent.ThreadPoolTaskExecutor  : Shutting down ExecutorService 'applicationTaskExecutor'
[[1;34mINFO[m] 
[[1;34mINFO[m] Results:
[[1;34mINFO[m] 
[[1;34mINFO[m] [1;32mTests run: 4, Failures: 0, Errors: 0, Skipped: 0[m
[[1;34mINFO[m] 
[[1;34mINFO[m] 
[[1;34mINFO[m] [1m--------------------------< [0;36mcom.reytech:demo[0;1m >--------------------------[m
[[1;34mINFO[m] [1mBuilding demo 0.0.1-SNAPSHOT[m
[[1;34mINFO[m] [1m--------------------------------[ jar ]---------------------------------[m
[[1;34mINFO[m] 
[[1;34mINFO[m] [1m--- [0;32msonar-maven-plugin:3.7.0.1746:sonar[m [1m(default-cli)[m @ [36mdemo[0;1m ---[m
Downloading from central: https://repo.maven.apache.org/maven2/org/sonarsource/scanner/api/sonar-scanner-api/2.14.0.2002/sonar-scanner-api-2.14.0.2002.pom
Progress (1): 1.4/5.2 kBProgress (1): 2.7/5.2 kBProgress (1): 4.1/5.2 kBProgress (1): 5.2 kB                        Downloaded from central: https://repo.maven.apache.org/maven2/org/sonarsource/scanner/api/sonar-scanner-api/2.14.0.2002/sonar-scanner-api-2.14.0.2002.pom (5.2 kB at 207 kB/s)
Downloading from central: https://repo.maven.apache.org/maven2/org/sonarsource/scanner/api/sonar-scanner-api-parent/2.14.0.2002/sonar-scanner-api-parent-2.14.0.2002.pom
Progress (1): 1.4/4.8 kBProgress (1): 2.7/4.8 kBProgress (1): 4.1/4.8 kBProgress (1): 4.8 kB                        Downloaded from central: https://repo.maven.apache.org/maven2/org/sonarsource/scanner/api/sonar-scanner-api-parent/2.14.0.2002/sonar-scanner-api-parent-2.14.0.2002.pom (4.8 kB at 265 kB/s)
Downloading from central: https://repo.maven.apache.org/maven2/org/sonarsource/scanner/api/sonar-scanner-api/2.14.0.2002/sonar-scanner-api-2.14.0.2002.jar
Progress (1): 1.4/625 kBProgress (1): 2.7/625 kBProgress (1): 4.1/625 kBProgress (1): 5.5/625 kBProgress (1): 6.9/625 kBProgress (1): 8.2/625 kBProgress (1): 9.6/625 kBProgress (1): 11/625 kB Progress (1): 12/625 kBProgress (1): 14/625 kBProgress (1): 15/625 kBProgress (1): 16/625 kBProgress (1): 18/625 kBProgress (1): 19/625 kBProgress (1): 21/625 kBProgress (1): 22/625 kBProgress (1): 23/625 kBProgress (1): 25/625 kBProgress (1): 26/625 kBProgress (1): 27/625 kBProgress (1): 29/625 kBProgress (1): 30/625 kBProgress (1): 32/625 kBProgress (1): 33/625 kBProgress (1): 34/625 kBProgress (1): 36/625 kBProgress (1): 37/625 kBProgress (1): 38/625 kBProgress (1): 40/625 kBProgress (1): 41/625 kBProgress (1): 43/625 kBProgress (1): 44/625 kBProgress (1): 45/625 kBProgress (1): 47/625 kBProgress (1): 48/625 kBProgress (1): 49/625 kBProgress (1): 51/625 kBProgress (1): 52/625 kBProgress (1): 53/625 kBProgress (1): 55/625 kBProgress (1): 56/625 kBProgress (1): 58/625 kBProgress (1): 59/625 kBProgress (1): 60/625 kBProgress (1): 62/625 kBProgress (1): 63/625 kBProgress (1): 64/625 kBProgress (1): 66/625 kBProgress (1): 67/625 kBProgress (1): 69/625 kBProgress (1): 70/625 kBProgress (1): 71/625 kBProgress (1): 73/625 kBProgress (1): 74/625 kBProgress (1): 75/625 kBProgress (1): 77/625 kBProgress (1): 78/625 kBProgress (1): 80/625 kBProgress (1): 81/625 kBProgress (1): 82/625 kBProgress (1): 84/625 kBProgress (1): 85/625 kBProgress (1): 86/625 kBProgress (1): 88/625 kBProgress (1): 89/625 kBProgress (1): 90/625 kBProgress (1): 92/625 kBProgress (1): 93/625 kBProgress (1): 95/625 kBProgress (1): 96/625 kBProgress (1): 97/625 kBProgress (1): 99/625 kBProgress (1): 100/625 kBProgress (1): 101/625 kBProgress (1): 103/625 kBProgress (1): 104/625 kBProgress (1): 106/625 kBProgress (1): 107/625 kBProgress (1): 108/625 kBProgress (1): 110/625 kBProgress (1): 111/625 kBProgress (1): 112/625 kBProgress (1): 114/625 kBProgress (1): 115/625 kBProgress (1): 117/625 kBProgress (1): 118/625 kBProgress (1): 119/625 kBProgress (1): 121/625 kBProgress (1): 122/625 kBProgress (1): 123/625 kBProgress (1): 125/625 kBProgress (1): 126/625 kBProgress (1): 128/625 kBProgress (1): 129/625 kBProgress (1): 130/625 kBProgress (1): 132/625 kBProgress (1): 133/625 kBProgress (1): 134/625 kBProgress (1): 136/625 kBProgress (1): 137/625 kBProgress (1): 138/625 kBProgress (1): 140/625 kBProgress (1): 141/625 kBProgress (1): 143/625 kBProgress (1): 144/625 kBProgress (1): 145/625 kBProgress (1): 147/625 kBProgress (1): 148/625 kBProgress (1): 149/625 kBProgress (1): 151/625 kBProgress (1): 152/625 kBProgress (1): 154/625 kBProgress (1): 155/625 kBProgress (1): 156/625 kBProgress (1): 158/625 kBProgress (1): 159/625 kBProgress (1): 160/625 kBProgress (1): 162/625 kBProgress (1): 163/625 kBProgress (1): 165/625 kBProgress (1): 166/625 kBProgress (1): 167/625 kBProgress (1): 169/625 kBProgress (1): 170/625 kBProgress (1): 171/625 kBProgress (1): 173/625 kBProgress (1): 174/625 kBProgress (1): 175/625 kBProgress (1): 177/625 kBProgress (1): 178/625 kBProgress (1): 180/625 kBProgress (1): 181/625 kBProgress (1): 182/625 kBProgress (1): 184/625 kBProgress (1): 185/625 kBProgress (1): 186/625 kBProgress (1): 188/625 kBProgress (1): 189/625 kBProgress (1): 191/625 kBProgress (1): 192/625 kBProgress (1): 193/625 kBProgress (1): 195/625 kBProgress (1): 196/625 kBProgress (1): 197/625 kBProgress (1): 199/625 kBProgress (1): 200/625 kBProgress (1): 202/625 kBProgress (1): 203/625 kBProgress (1): 204/625 kBProgress (1): 206/625 kBProgress (1): 207/625 kBProgress (1): 208/625 kBProgress (1): 210/625 kBProgress (1): 211/625 kBProgress (1): 213/625 kBProgress (1): 214/625 kBProgress (1): 215/625 kBProgress (1): 217/625 kBProgress (1): 218/625 kBProgress (1): 219/625 kBProgress (1): 221/625 kBProgress (1): 222/625 kBProgress (1): 223/625 kBProgress (1): 225/625 kBProgress (1): 226/625 kBProgress (1): 228/625 kBProgress (1): 229/625 kBProgress (1): 230/625 kBProgress (1): 232/625 kBProgress (1): 233/625 kBProgress (1): 234/625 kBProgress (1): 236/625 kBProgress (1): 237/625 kBProgress (1): 239/625 kBProgress (1): 240/625 kBProgress (1): 241/625 kBProgress (1): 243/625 kBProgress (1): 244/625 kBProgress (1): 245/625 kBProgress (1): 247/625 kBProgress (1): 248/625 kBProgress (1): 250/625 kBProgress (1): 251/625 kBProgress (1): 252/625 kBProgress (1): 254/625 kBProgress (1): 255/625 kBProgress (1): 256/625 kBProgress (1): 258/625 kBProgress (1): 259/625 kBProgress (1): 260/625 kBProgress (1): 262/625 kBProgress (1): 263/625 kBProgress (1): 265/625 kBProgress (1): 266/625 kBProgress (1): 267/625 kBProgress (1): 269/625 kBProgress (1): 270/625 kBProgress (1): 271/625 kBProgress (1): 273/625 kBProgress (1): 274/625 kBProgress (1): 276/625 kBProgress (1): 277/625 kBProgress (1): 278/625 kBProgress (1): 280/625 kBProgress (1): 281/625 kBProgress (1): 282/625 kBProgress (1): 284/625 kBProgress (1): 285/625 kBProgress (1): 287/625 kBProgress (1): 288/625 kBProgress (1): 289/625 kBProgress (1): 291/625 kBProgress (1): 292/625 kBProgress (1): 293/625 kBProgress (1): 295/625 kBProgress (1): 296/625 kBProgress (1): 298/625 kBProgress (1): 299/625 kBProgress (1): 300/625 kBProgress (1): 302/625 kBProgress (1): 303/625 kBProgress (1): 304/625 kBProgress (1): 306/625 kBProgress (1): 307/625 kBProgress (1): 308/625 kBProgress (1): 310/625 kBProgress (1): 311/625 kBProgress (1): 313/625 kBProgress (1): 314/625 kBProgress (1): 315/625 kBProgress (1): 317/625 kBProgress (1): 318/625 kBProgress (1): 319/625 kBProgress (1): 321/625 kBProgress (1): 322/625 kBProgress (1): 324/625 kBProgress (1): 325/625 kBProgress (1): 326/625 kBProgress (1): 328/625 kBProgress (1): 328/625 kBProgress (1): 332/625 kBProgress (1): 337/625 kBProgress (1): 341/625 kBProgress (1): 345/625 kBProgress (1): 349/625 kBProgress (1): 353/625 kBProgress (1): 357/625 kBProgress (1): 361/625 kBProgress (1): 365/625 kBProgress (1): 369/625 kBProgress (1): 373/625 kBProgress (1): 378/625 kBProgress (1): 382/625 kBProgress (1): 386/625 kBProgress (1): 390/625 kBProgress (1): 394/625 kBProgress (1): 398/625 kBProgress (1): 402/625 kBProgress (1): 406/625 kBProgress (1): 410/625 kBProgress (1): 414/625 kBProgress (1): 418/625 kBProgress (1): 423/625 kBProgress (1): 427/625 kBProgress (1): 431/625 kBProgress (1): 435/625 kBProgress (1): 439/625 kBProgress (1): 443/625 kBProgress (1): 447/625 kBProgress (1): 451/625 kBProgress (1): 455/625 kBProgress (1): 459/625 kBProgress (1): 464/625 kBProgress (1): 468/625 kBProgress (1): 472/625 kBProgress (1): 476/625 kBProgress (1): 480/625 kBProgress (1): 484/625 kBProgress (1): 488/625 kBProgress (1): 492/625 kBProgress (1): 496/625 kBProgress (1): 500/625 kBProgress (1): 504/625 kBProgress (1): 509/625 kBProgress (1): 513/625 kBProgress (1): 517/625 kBProgress (1): 521/625 kBProgress (1): 525/625 kBProgress (1): 529/625 kBProgress (1): 533/625 kBProgress (1): 537/625 kBProgress (1): 541/625 kBProgress (1): 545/625 kBProgress (1): 548/625 kBProgress (1): 552/625 kBProgress (1): 556/625 kBProgress (1): 560/625 kBProgress (1): 564/625 kBProgress (1): 568/625 kBProgress (1): 572/625 kBProgress (1): 576/625 kBProgress (1): 580/625 kBProgress (1): 584/625 kBProgress (1): 589/625 kBProgress (1): 593/625 kBProgress (1): 597/625 kBProgress (1): 601/625 kBProgress (1): 605/625 kBProgress (1): 609/625 kBProgress (1): 613/625 kBProgress (1): 617/625 kBProgress (1): 621/625 kBProgress (1): 625 kB                        Downloaded from central: https://repo.maven.apache.org/maven2/org/sonarsource/scanner/api/sonar-scanner-api/2.14.0.2002/sonar-scanner-api-2.14.0.2002.jar (625 kB at 2.9 MB/s)
[[1;34mINFO[m] User cache: /var/lib/jenkins/.sonar/cache
[[1;31mERROR[m] SonarQube server [http://localhost:9000] can not be reached
[[1;34mINFO[m] 
[[1;34mINFO[m] [1m------------------------------------------------------------------------[m
[[1;34mINFO[m] [1mSkipping demo[m
[[1;34mINFO[m] This project has been banned from the build due to previous failures.
[[1;34mINFO[m] [1m------------------------------------------------------------------------[m
[[1;34mINFO[m] [1m------------------------------------------------------------------------[m
[[1;34mINFO[m] [1;31mBUILD FAILURE[m
[[1;34mINFO[m] [1m------------------------------------------------------------------------[m
[[1;34mINFO[m] Total time:  15.050 s
[[1;34mINFO[m] Finished at: 2020-09-23T08:38:59Z
[[1;34mINFO[m] [1m------------------------------------------------------------------------[m
[[1;31mERROR[m] Failed to execute goal [32morg.sonarsource.scanner.maven:sonar-maven-plugin:3.7.0.1746:sonar[m [1m(default-cli)[m on project [36mdemo[m: [1;31mUnable to execute SonarQube[m: Fail to get bootstrap index from server: Failed to connect to localhost/127.0.0.1:9000: Connection refused (Connection refused) -> [1m[Help 1][m
[[1;31mERROR[m] 
[[1;31mERROR[m] To see the full stack trace of the errors, re-run Maven with the [1m-e[m switch.
[[1;31mERROR[m] Re-run Maven using the [1m-X[m switch to enable full debug logging.
[[1;31mERROR[m] 
[[1;31mERROR[m] For more information about the errors and possible solutions, please read the following articles:
[[1;31mERROR[m] [1m[Help 1][m http://cwiki.apache.org/confluence/display/MAVEN/MojoExecutionException
Build step 'Invoke top-level Maven targets' marked build as failure
[PMDCheckStyleFindBugs] Skipping execution of recorder since overall result is 'FAILURE'
[Checks API] No suitable checks publisher found.
Finished: FAILURE
