Started by upstream project "[8mha:////4IGeAxFD7WjduR9ATsprSgvtZM/ioVyBBqs+4PrzuBHhAAAAoB+LCAAAAAAAAP9b85aBtbiIQTGjNKU4P08vOT+vOD8nVc83PyU1x6OyILUoJzMv2y+/JJUBAhiZGBgqihhk0NSjKDWzXb3RdlLBUSYGJk8GtpzUvPSSDB8G5tKinBIGIZ+sxLJE/ZzEvHT94JKizLx0a6BxUmjGOUNodHsLgAy+EgYR/az8JP2Covys1BLdgsTk7MT0VH0AQcxNIskAAAA=[0mprojet-package" build number [8mha:////4NIilInpoIgcRID8yZiYp4PK+Fa+vJHDDD9U9POGP7zWAAAAoh+LCAAAAAAAAP9b85aBtbiIQTGjNKU4P08vOT+vOD8nVc83PyU1x6OyILUoJzMv2y+/JJUBAhiZGBgqihhk0NSjKDWzXb3RdlLBUSYGJk8GtpzUvPSSDB8G5tKinBIGIZ+sxLJE/ZzEvHT94JKizLx0a6BxUmjGOUNodHsLgAymEgYx/az8JP2Covys1BLdgsTk7MT0VH1DAwD4n8ZIywAAAA==[0m10
originally caused by:
 Started by user [8mha:////4HTn8uRSyro6YmxeIjZprzLIYGKm7x7O0M0UPbtEklryAAAAlx+LCAAAAAAAAP9b85aBtbiIQTGjNKU4P08vOT+vOD8nVc83PyU1x6OyILUoJzMv2y+/JJUBAhiZGBgqihhk0NSjKDWzXb3RdlLBUSYGJk8GtpzUvPSSDB8G5tKinBIGIZ+sxLJE/ZzEvHT94JKizLx0a6BxUmjGOUNodHsLgAzWEgZu/dLi1CL9xJTczDwAj6GcLcAAAAA=[0mAdmin
Running as SYSTEM
Building in workspace /var/lib/jenkins/workspace/projet-test
The recommended git tool is: NONE
No credentials specified
 > /usr/bin/git rev-parse --is-inside-work-tree # timeout=10
Fetching changes from the remote Git repository
 > /usr/bin/git config remote.origin.url https://github.com/Ms-27/Spring-Boot-Hello-World-Example.git # timeout=10
Fetching upstream changes from https://github.com/Ms-27/Spring-Boot-Hello-World-Example.git
 > /usr/bin/git --version # timeout=10
 > git --version # 'git version 2.17.1'
 > /usr/bin/git fetch --tags --progress -- https://github.com/Ms-27/Spring-Boot-Hello-World-Example.git +refs/heads/*:refs/remotes/origin/* # timeout=10
 > /usr/bin/git rev-parse refs/remotes/origin/master^{commit} # timeout=10
Checking out Revision 741ac41c23e9daa5975e116a2332e04d217f8521 (refs/remotes/origin/master)
 > /usr/bin/git config core.sparsecheckout # timeout=10
 > /usr/bin/git checkout -f 741ac41c23e9daa5975e116a2332e04d217f8521 # timeout=10
Commit message: "Update StandardAssertionsTest.java"
 > /usr/bin/git rev-list --no-walk 741ac41c23e9daa5975e116a2332e04d217f8521 # timeout=10
[projet-test] $ /usr/share/maven/bin/mvn test
[[1;34mINFO[m] Scanning for projects...
[[1;34mINFO[m] 
[[1;34mINFO[m] [1m--------------------------< [0;36mcom.reytech:demo[0;1m >--------------------------[m
[[1;34mINFO[m] [1mBuilding demo 0.0.1-SNAPSHOT[m
[[1;34mINFO[m] [1m--------------------------------[ jar ]---------------------------------[m
[[1;34mINFO[m] 
[[1;34mINFO[m] [1m--- [0;32mmaven-resources-plugin:3.1.0:resources[m [1m(default-resources)[m @ [36mdemo[0;1m ---[m
[[1;34mINFO[m] Using 'UTF-8' encoding to copy filtered resources.
[[1;34mINFO[m] Copying 1 resource
[[1;34mINFO[m] Copying 2 resources
[[1;34mINFO[m] 
[[1;34mINFO[m] [1m--- [0;32mmaven-compiler-plugin:3.8.1:compile[m [1m(default-compile)[m @ [36mdemo[0;1m ---[m
[[1;34mINFO[m] Nothing to compile - all classes are up to date
[[1;34mINFO[m] 
[[1;34mINFO[m] [1m--- [0;32mmaven-resources-plugin:3.1.0:testResources[m [1m(default-testResources)[m @ [36mdemo[0;1m ---[m
[[1;34mINFO[m] Using 'UTF-8' encoding to copy filtered resources.
[[1;34mINFO[m] skip non existing resourceDirectory /var/lib/jenkins/workspace/projet-test/src/test/resources
[[1;34mINFO[m] 
[[1;34mINFO[m] [1m--- [0;32mmaven-compiler-plugin:3.8.1:testCompile[m [1m(default-testCompile)[m @ [36mdemo[0;1m ---[m
[[1;34mINFO[m] Nothing to compile - all classes are up to date
[[1;34mINFO[m] 
[[1;34mINFO[m] [1m--- [0;32mmaven-surefire-plugin:2.22.2:test[m [1m(default-test)[m @ [36mdemo[0;1m ---[m
[[1;34mINFO[m] 
[[1;34mINFO[m] -------------------------------------------------------
[[1;34mINFO[m]  T E S T S
[[1;34mINFO[m] -------------------------------------------------------
[[1;34mINFO[m] Running com.reytech.demo.[1mDemoApplicationTests[m
09:52:45.185 [main] DEBUG org.springframework.test.context.BootstrapUtils - Instantiating CacheAwareContextLoaderDelegate from class [org.springframework.test.context.cache.DefaultCacheAwareContextLoaderDelegate]
09:52:45.198 [main] DEBUG org.springframework.test.context.BootstrapUtils - Instantiating BootstrapContext using constructor [public org.springframework.test.context.support.DefaultBootstrapContext(java.lang.Class,org.springframework.test.context.CacheAwareContextLoaderDelegate)]
09:52:45.230 [main] DEBUG org.springframework.test.context.BootstrapUtils - Instantiating TestContextBootstrapper for test class [com.reytech.demo.DemoApplicationTests] from class [org.springframework.boot.test.context.SpringBootTestContextBootstrapper]
09:52:45.247 [main] INFO org.springframework.boot.test.context.SpringBootTestContextBootstrapper - Neither @ContextConfiguration nor @ContextHierarchy found for test class [com.reytech.demo.DemoApplicationTests], using SpringBootContextLoader
09:52:45.251 [main] DEBUG org.springframework.test.context.support.AbstractContextLoader - Did not detect default resource location for test class [com.reytech.demo.DemoApplicationTests]: class path resource [com/reytech/demo/DemoApplicationTests-context.xml] does not exist
09:52:45.253 [main] DEBUG org.springframework.test.context.support.AbstractContextLoader - Did not detect default resource location for test class [com.reytech.demo.DemoApplicationTests]: class path resource [com/reytech/demo/DemoApplicationTestsContext.groovy] does not exist
09:52:45.253 [main] INFO org.springframework.test.context.support.AbstractContextLoader - Could not detect default resource locations for test class [com.reytech.demo.DemoApplicationTests]: no resource found for suffixes {-context.xml, Context.groovy}.
09:52:45.254 [main] INFO org.springframework.test.context.support.AnnotationConfigContextLoaderUtils - Could not detect default configuration classes for test class [com.reytech.demo.DemoApplicationTests]: DemoApplicationTests does not declare any static, non-private, non-final, nested classes annotated with @Configuration.
09:52:45.291 [main] DEBUG org.springframework.test.context.support.ActiveProfilesUtils - Could not find an 'annotation declaring class' for annotation type [org.springframework.test.context.ActiveProfiles] and class [com.reytech.demo.DemoApplicationTests]
09:52:45.364 [main] DEBUG org.springframework.context.annotation.ClassPathScanningCandidateComponentProvider - Identified candidate component class: file [/var/lib/jenkins/workspace/projet-test/target/classes/com/reytech/demo/DemoApplication.class]
09:52:45.365 [main] INFO org.springframework.boot.test.context.SpringBootTestContextBootstrapper - Found @SpringBootConfiguration com.reytech.demo.DemoApplication for test class com.reytech.demo.DemoApplicationTests
09:52:45.454 [main] DEBUG org.springframework.boot.test.context.SpringBootTestContextBootstrapper - @TestExecutionListeners is not present for class [com.reytech.demo.DemoApplicationTests]: using defaults.
09:52:45.455 [main] INFO org.springframework.boot.test.context.SpringBootTestContextBootstrapper - Loaded default TestExecutionListener class names from location [META-INF/spring.factories]: [org.springframework.boot.test.mock.mockito.MockitoTestExecutionListener, org.springframework.boot.test.mock.mockito.ResetMocksTestExecutionListener, org.springframework.boot.test.autoconfigure.restdocs.RestDocsTestExecutionListener, org.springframework.boot.test.autoconfigure.web.client.MockRestServiceServerResetTestExecutionListener, org.springframework.boot.test.autoconfigure.web.servlet.MockMvcPrintOnlyOnFailureTestExecutionListener, org.springframework.boot.test.autoconfigure.web.servlet.WebDriverTestExecutionListener, org.springframework.boot.test.autoconfigure.webservices.client.MockWebServiceServerTestExecutionListener, org.springframework.test.context.web.ServletTestExecutionListener, org.springframework.test.context.support.DirtiesContextBeforeModesTestExecutionListener, org.springframework.test.context.support.DependencyInjectionTestExecutionListener, org.springframework.test.context.support.DirtiesContextTestExecutionListener, org.springframework.test.context.transaction.TransactionalTestExecutionListener, org.springframework.test.context.jdbc.SqlScriptsTestExecutionListener, org.springframework.test.context.event.EventPublishingTestExecutionListener]
09:52:45.466 [main] DEBUG org.springframework.boot.test.context.SpringBootTestContextBootstrapper - Skipping candidate TestExecutionListener [org.springframework.test.context.transaction.TransactionalTestExecutionListener] due to a missing dependency. Specify custom listener classes or make the default listener classes and their required dependencies available. Offending class: [org/springframework/transaction/TransactionDefinition]
09:52:45.470 [main] DEBUG org.springframework.boot.test.context.SpringBootTestContextBootstrapper - Skipping candidate TestExecutionListener [org.springframework.test.context.jdbc.SqlScriptsTestExecutionListener] due to a missing dependency. Specify custom listener classes or make the default listener classes and their required dependencies available. Offending class: [org/springframework/transaction/interceptor/TransactionAttribute]
09:52:45.471 [main] INFO org.springframework.boot.test.context.SpringBootTestContextBootstrapper - Using TestExecutionListeners: [org.springframework.test.context.web.ServletTestExecutionListener@593aaf41, org.springframework.test.context.support.DirtiesContextBeforeModesTestExecutionListener@5a56cdac, org.springframework.boot.test.mock.mockito.MockitoTestExecutionListener@7c711375, org.springframework.boot.test.autoconfigure.SpringBootDependencyInjectionTestExecutionListener@57cf54e1, org.springframework.test.context.support.DirtiesContextTestExecutionListener@5b03b9fe, org.springframework.test.context.event.EventPublishingTestExecutionListener@37d4349f, org.springframework.boot.test.mock.mockito.ResetMocksTestExecutionListener@434a63ab, org.springframework.boot.test.autoconfigure.restdocs.RestDocsTestExecutionListener@6e0f5f7f, org.springframework.boot.test.autoconfigure.web.client.MockRestServiceServerResetTestExecutionListener@2805d709, org.springframework.boot.test.autoconfigure.web.servlet.MockMvcPrintOnlyOnFailureTestExecutionListener@3ee37e5a, org.springframework.boot.test.autoconfigure.web.servlet.WebDriverTestExecutionListener@2ea41516, org.springframework.boot.test.autoconfigure.webservices.client.MockWebServiceServerTestExecutionListener@3a44431a]
09:52:45.475 [main] DEBUG org.springframework.test.context.support.AbstractDirtiesContextTestExecutionListener - Before test class: context [DefaultTestContext@66f57048 testClass = DemoApplicationTests, testInstance = [null], testMethod = [null], testException = [null], mergedContextConfiguration = [WebMergedContextConfiguration@550dbc7a testClass = DemoApplicationTests, locations = '{}', classes = '{class com.reytech.demo.DemoApplication}', contextInitializerClasses = '[]', activeProfiles = '{}', propertySourceLocations = '{}', propertySourceProperties = '{org.springframework.boot.test.context.SpringBootTestContextBootstrapper=true}', contextCustomizers = set[org.springframework.boot.test.context.filter.ExcludeFilterContextCustomizer@3cc2931c, org.springframework.boot.test.json.DuplicateJsonObjectContextCustomizerFactory$DuplicateJsonObjectContextCustomizer@60d8c9b7, org.springframework.boot.test.mock.mockito.MockitoContextCustomizer@0, org.springframework.boot.test.web.client.TestRestTemplateContextCustomizer@1c93084c, org.springframework.boot.test.autoconfigure.properties.PropertyMappingContextCustomizer@0, org.springframework.boot.test.autoconfigure.web.servlet.WebDriverContextCustomizerFactory$Customizer@703580bf, org.springframework.boot.test.context.SpringBootTestArgs@1], resourceBasePath = 'src/main/webapp', contextLoader = 'org.springframework.boot.test.context.SpringBootContextLoader', parent = [null]], attributes = map['org.springframework.test.context.web.ServletTestExecutionListener.activateListener' -> true]], class annotated with @DirtiesContext [false] with mode [null].
BeforeAll
09:52:45.531 [main] DEBUG org.springframework.test.context.support.TestPropertySourceUtils - Adding inlined properties to environment: {spring.jmx.enabled=false, org.springframework.boot.test.context.SpringBootTestContextBootstrapper=true}

  .   ____          _            __ _ _
 /\\ / ___'_ __ _ _(_)_ __  __ _ \ \ \ \
( ( )\___ | '_ | '_| | '_ \/ _` | \ \ \ \
 \\/  ___)| |_)| | | | | || (_| |  ) ) ) )
  '  |____| .__|_| |_|_| |_\__, | / / / /
 =========|_|==============|___/=/_/_/_/
 :: Spring Boot ::        (v2.3.1.RELEASE)

2020-09-22 09:52:45.979  INFO 7492 --- [           main] com.reytech.demo.DemoApplicationTests    : Starting DemoApplicationTests on jenkinsafcepf with PID 7492 (started by jenkins in /var/lib/jenkins/workspace/projet-test)
2020-09-22 09:52:45.981  INFO 7492 --- [           main] com.reytech.demo.DemoApplicationTests    : No active profile set, falling back to default profiles: default
2020-09-22 09:52:47.817  INFO 7492 --- [           main] o.s.s.concurrent.ThreadPoolTaskExecutor  : Initializing ExecutorService 'applicationTaskExecutor'
2020-09-22 09:52:48.301  INFO 7492 --- [           main] com.reytech.demo.DemoApplicationTests    : Started DemoApplicationTests in 2.757 seconds (JVM running for 3.816)
BeforeEach
TEST 2
AfterEach
BeforeEach
TEST 1
AfterEach
AfterAll
[[1;34mINFO[m] [1;32mTests run: [0;1;32m2[m, Failures: 0, Errors: 0, Skipped: 0, Time elapsed: 3.425 s - in com.reytech.demo.[1mDemoApplicationTests[m
[[1;34mINFO[m] Running com.reytech.demo.[1mStandardAssertionsTest[m
2020-09-22 09:52:48.532  INFO 7492 --- [           main] .b.t.c.SpringBootTestContextBootstrapper : Neither @ContextConfiguration nor @ContextHierarchy found for test class [com.reytech.demo.StandardAssertionsTest], using SpringBootContextLoader
2020-09-22 09:52:48.533  INFO 7492 --- [           main] o.s.t.c.support.AbstractContextLoader    : Could not detect default resource locations for test class [com.reytech.demo.StandardAssertionsTest]: no resource found for suffixes {-context.xml, Context.groovy}.
2020-09-22 09:52:48.533  INFO 7492 --- [           main] t.c.s.AnnotationConfigContextLoaderUtils : Could not detect default configuration classes for test class [com.reytech.demo.StandardAssertionsTest]: StandardAssertionsTest does not declare any static, non-private, non-final, nested classes annotated with @Configuration.
2020-09-22 09:52:48.534  INFO 7492 --- [           main] .b.t.c.SpringBootTestContextBootstrapper : Found @SpringBootConfiguration com.reytech.demo.DemoApplication for test class com.reytech.demo.StandardAssertionsTest
2020-09-22 09:52:48.535  INFO 7492 --- [           main] .b.t.c.SpringBootTestContextBootstrapper : Loaded default TestExecutionListener class names from location [META-INF/spring.factories]: [org.springframework.boot.test.mock.mockito.MockitoTestExecutionListener, org.springframework.boot.test.mock.mockito.ResetMocksTestExecutionListener, org.springframework.boot.test.autoconfigure.restdocs.RestDocsTestExecutionListener, org.springframework.boot.test.autoconfigure.web.client.MockRestServiceServerResetTestExecutionListener, org.springframework.boot.test.autoconfigure.web.servlet.MockMvcPrintOnlyOnFailureTestExecutionListener, org.springframework.boot.test.autoconfigure.web.servlet.WebDriverTestExecutionListener, org.springframework.boot.test.autoconfigure.webservices.client.MockWebServiceServerTestExecutionListener, org.springframework.test.context.web.ServletTestExecutionListener, org.springframework.test.context.support.DirtiesContextBeforeModesTestExecutionListener, org.springframework.test.context.support.DependencyInjectionTestExecutionListener, org.springframework.test.context.support.DirtiesContextTestExecutionListener, org.springframework.test.context.transaction.TransactionalTestExecutionListener, org.springframework.test.context.jdbc.SqlScriptsTestExecutionListener, org.springframework.test.context.event.EventPublishingTestExecutionListener]
2020-09-22 09:52:48.537  INFO 7492 --- [           main] .b.t.c.SpringBootTestContextBootstrapper : Using TestExecutionListeners: [org.springframework.test.context.web.ServletTestExecutionListener@7afbf561, org.springframework.test.context.support.DirtiesContextBeforeModesTestExecutionListener@2f98635e, org.springframework.boot.test.mock.mockito.MockitoTestExecutionListener@49c8f6e8, org.springframework.boot.test.autoconfigure.SpringBootDependencyInjectionTestExecutionListener@6b0615ae, org.springframework.test.context.support.DirtiesContextTestExecutionListener@4e73b552, org.springframework.test.context.event.EventPublishingTestExecutionListener@221dad51, org.springframework.boot.test.mock.mockito.ResetMocksTestExecutionListener@2cec704c, org.springframework.boot.test.autoconfigure.restdocs.RestDocsTestExecutionListener@771cbb1a, org.springframework.boot.test.autoconfigure.web.client.MockRestServiceServerResetTestExecutionListener@2416498e, org.springframework.boot.test.autoconfigure.web.servlet.MockMvcPrintOnlyOnFailureTestExecutionListener@6b2e0f78, org.springframework.boot.test.autoconfigure.web.servlet.WebDriverTestExecutionListener@240f6c41, org.springframework.boot.test.autoconfigure.webservices.client.MockWebServiceServerTestExecutionListener@3659d7b1]
[[1;31mERROR[m] [1;31mTests [0;1mrun: [0;1m2[m, [1;31mFailures: [0;1;31m1[m, Errors: 0, Skipped: 0, Time elapsed: 0.005 s[1;31m <<< FAILURE![m - in com.reytech.demo.[1mStandardAssertionsTest[m
[[1;31mERROR[m] standardAssertions  Time elapsed: 0.002 s  <<< FAILURE!
org.opentest4j.AssertionFailedError: expected: <2> but was: <5>
	at com.reytech.demo.StandardAssertionsTest.standardAssertions(StandardAssertionsTest.java:22)

2020-09-22 09:52:48.658  INFO 7492 --- [extShutdownHook] o.s.s.concurrent.ThreadPoolTaskExecutor  : Shutting down ExecutorService 'applicationTaskExecutor'
[[1;34mINFO[m] 
[[1;34mINFO[m] Results:
[[1;34mINFO[m] 
[[1;31mERROR[m] [1;31mFailures: [m
[[1;31mERROR[m] [1;31m  StandardAssertionsTest.standardAssertions:22 expected: <2> but was: <5>[m
[[1;34mINFO[m] 
[[1;31mERROR[m] [1;31mTests run: 4, Failures: 1, Errors: 0, Skipped: 0[m
[[1;34mINFO[m] 
[[1;34mINFO[m] [1m------------------------------------------------------------------------[m
[[1;34mINFO[m] [1;31mBUILD FAILURE[m
[[1;34mINFO[m] [1m------------------------------------------------------------------------[m
[[1;34mINFO[m] Total time:  7.433 s
[[1;34mINFO[m] Finished at: 2020-09-22T09:52:49Z
[[1;34mINFO[m] [1m------------------------------------------------------------------------[m
[[1;31mERROR[m] Failed to execute goal [32morg.apache.maven.plugins:maven-surefire-plugin:2.22.2:test[m [1m(default-test)[m on project [36mdemo[m: [1;31mThere are test failures.[m
[[1;31mERROR[m] [1;31m[m
[[1;31mERROR[m] [1;31mPlease refer to /var/lib/jenkins/workspace/projet-test/target/surefire-reports for the individual test results.[m
[[1;31mERROR[m] [1;31mPlease refer to dump files (if any exist) [date].dump, [date]-jvmRun[N].dump and [date].dumpstream.[m
[[1;31mERROR[m] -> [1m[Help 1][m
[[1;31mERROR[m] 
[[1;31mERROR[m] To see the full stack trace of the errors, re-run Maven with the [1m-e[m switch.
[[1;31mERROR[m] Re-run Maven using the [1m-X[m switch to enable full debug logging.
[[1;31mERROR[m] 
[[1;31mERROR[m] For more information about the errors and possible solutions, please read the following articles:
[[1;31mERROR[m] [1m[Help 1][m http://cwiki.apache.org/confluence/display/MAVEN/MojoFailureException
Build step 'Invoke top-level Maven targets' marked build as failure
Recording test results
Finished: FAILURE
