<?xml version='1.1' encoding='UTF-8'?>
<result plugin="junit@1.35">
  <suites>
    <suite>
      <file>/var/lib/jenkins/workspace/06-projet-selenium/target/surefire-reports/TEST-me.arndc.example.testing.automation.SeleniumTest.xml</file>
      <name>me.arndc.example.testing.automation.SeleniumTest</name>
      <duration>4.905</duration>
      <time>4.905</time>
      <enclosingBlocks/>
      <enclosingBlockNames/>
      <cases>
        <case>
          <duration>0.592</duration>
          <className>me.arndc.example.testing.automation.SeleniumTest</className>
          <testName>test</testName>
          <skipped>false</skipped>
          <errorStackTrace>org.openqa.selenium.WebDriverException: 
unknown error: cannot find Chrome binary
Build info: version: &apos;3.14.0&apos;, revision: &apos;aacccce0&apos;, time: &apos;2018-08-02T20:19:58.91Z&apos;
System info: host: &apos;jenkinsafcepf&apos;, ip: &apos;127.0.2.1&apos;, os.name: &apos;Linux&apos;, os.arch: &apos;amd64&apos;, os.version: &apos;4.15.0-91-generic&apos;, java.version: &apos;1.8.0_242&apos;
Driver info: driver.version: ChromeDriver
remote stacktrace: #0 0x5622e69c9a39 &lt;unknown&gt;

	at me.arndc.example.testing.automation.SeleniumTest.setUp(SeleniumTest.java:40)
</errorStackTrace>
          <errorDetails>unknown error: cannot find Chrome binary
Build info: version: &apos;3.14.0&apos;, revision: &apos;aacccce0&apos;, time: &apos;2018-08-02T20:19:58.91Z&apos;
System info: host: &apos;jenkinsafcepf&apos;, ip: &apos;127.0.2.1&apos;, os.name: &apos;Linux&apos;, os.arch: &apos;amd64&apos;, os.version: &apos;4.15.0-91-generic&apos;, java.version: &apos;1.8.0_242&apos;
Driver info: driver.version: ChromeDriver
remote stacktrace: #0 0x5622e69c9a39 &lt;unknown&gt;
</errorDetails>
          <stdout>10:25:50.553 [main] DEBUG org.springframework.test.context.junit4.SpringJUnit4ClassRunner - SpringJUnit4ClassRunner constructor called with [class me.arndc.example.testing.automation.SeleniumTest]
10:25:50.559 [main] DEBUG org.springframework.test.context.BootstrapUtils - Instantiating CacheAwareContextLoaderDelegate from class [org.springframework.test.context.cache.DefaultCacheAwareContextLoaderDelegate]
10:25:50.572 [main] DEBUG org.springframework.test.context.BootstrapUtils - Instantiating BootstrapContext using constructor [public org.springframework.test.context.support.DefaultBootstrapContext(java.lang.Class,org.springframework.test.context.CacheAwareContextLoaderDelegate)]
10:25:50.592 [main] DEBUG org.springframework.test.context.BootstrapUtils - Instantiating TestContextBootstrapper for test class [me.arndc.example.testing.automation.SeleniumTest] from class [org.springframework.boot.test.context.SpringBootTestContextBootstrapper]
10:25:50.602 [main] INFO org.springframework.boot.test.context.SpringBootTestContextBootstrapper - Neither @ContextConfiguration nor @ContextHierarchy found for test class [me.arndc.example.testing.automation.SeleniumTest], using SpringBootContextLoader
10:25:50.605 [main] DEBUG org.springframework.test.context.support.AbstractContextLoader - Did not detect default resource location for test class [me.arndc.example.testing.automation.SeleniumTest]: class path resource [me/arndc/example/testing/automation/SeleniumTest-context.xml] does not exist
10:25:50.605 [main] DEBUG org.springframework.test.context.support.AbstractContextLoader - Did not detect default resource location for test class [me.arndc.example.testing.automation.SeleniumTest]: class path resource [me/arndc/example/testing/automation/SeleniumTestContext.groovy] does not exist
10:25:50.605 [main] INFO org.springframework.test.context.support.AbstractContextLoader - Could not detect default resource locations for test class [me.arndc.example.testing.automation.SeleniumTest]: no resource found for suffixes {-context.xml, Context.groovy}.
10:25:50.661 [main] DEBUG org.springframework.test.context.support.ActiveProfilesUtils - Could not find an &apos;annotation declaring class&apos; for annotation type [org.springframework.test.context.ActiveProfiles] and class [me.arndc.example.testing.automation.SeleniumTest]
10:25:50.809 [main] DEBUG org.springframework.boot.test.context.SpringBootTestContextBootstrapper - @TestExecutionListeners is not present for class [me.arndc.example.testing.automation.SeleniumTest]: using defaults.
10:25:50.812 [main] INFO org.springframework.boot.test.context.SpringBootTestContextBootstrapper - Loaded default TestExecutionListener class names from location [META-INF/spring.factories]: [org.springframework.boot.test.mock.mockito.MockitoTestExecutionListener, org.springframework.boot.test.mock.mockito.ResetMocksTestExecutionListener, org.springframework.boot.test.autoconfigure.restdocs.RestDocsTestExecutionListener, org.springframework.boot.test.autoconfigure.web.client.MockRestServiceServerResetTestExecutionListener, org.springframework.boot.test.autoconfigure.web.servlet.MockMvcPrintOnlyOnFailureTestExecutionListener, org.springframework.boot.test.autoconfigure.web.servlet.WebDriverTestExecutionListener, org.springframework.test.context.web.ServletTestExecutionListener, org.springframework.test.context.support.DirtiesContextBeforeModesTestExecutionListener, org.springframework.test.context.support.DependencyInjectionTestExecutionListener, org.springframework.test.context.support.DirtiesContextTestExecutionListener, org.springframework.test.context.transaction.TransactionalTestExecutionListener, org.springframework.test.context.jdbc.SqlScriptsTestExecutionListener]
10:25:50.821 [main] DEBUG org.springframework.boot.test.context.SpringBootTestContextBootstrapper - Skipping candidate TestExecutionListener [org.springframework.test.context.transaction.TransactionalTestExecutionListener] due to a missing dependency. Specify custom listener classes or make the default listener classes and their required dependencies available. Offending class: [org/springframework/transaction/interceptor/TransactionAttributeSource]
10:25:50.821 [main] DEBUG org.springframework.boot.test.context.SpringBootTestContextBootstrapper - Skipping candidate TestExecutionListener [org.springframework.test.context.jdbc.SqlScriptsTestExecutionListener] due to a missing dependency. Specify custom listener classes or make the default listener classes and their required dependencies available. Offending class: [org/springframework/transaction/interceptor/TransactionAttribute]
10:25:50.822 [main] INFO org.springframework.boot.test.context.SpringBootTestContextBootstrapper - Using TestExecutionListeners: [org.springframework.test.context.web.ServletTestExecutionListener@4ddced80, org.springframework.test.context.support.DirtiesContextBeforeModesTestExecutionListener@1534f01b, org.springframework.boot.test.mock.mockito.MockitoTestExecutionListener@78e117e3, org.springframework.boot.test.autoconfigure.SpringBootDependencyInjectionTestExecutionListener@2ea227af, org.springframework.test.context.support.DirtiesContextTestExecutionListener@4386f16, org.springframework.boot.test.mock.mockito.ResetMocksTestExecutionListener@363ee3a2, org.springframework.boot.test.autoconfigure.restdocs.RestDocsTestExecutionListener@4690b489, org.springframework.boot.test.autoconfigure.web.client.MockRestServiceServerResetTestExecutionListener@79b06cab, org.springframework.boot.test.autoconfigure.web.servlet.MockMvcPrintOnlyOnFailureTestExecutionListener@3eb7fc54, org.springframework.boot.test.autoconfigure.web.servlet.WebDriverTestExecutionListener@7f552bd3]
10:25:50.823 [main] DEBUG org.springframework.test.annotation.ProfileValueUtils - Retrieved @ProfileValueSourceConfiguration [null] for test class [me.arndc.example.testing.automation.SeleniumTest]
10:25:50.825 [main] DEBUG org.springframework.test.annotation.ProfileValueUtils - Retrieved ProfileValueSource type [class org.springframework.test.annotation.SystemProfileValueSource] for class [me.arndc.example.testing.automation.SeleniumTest]
10:25:50.826 [main] DEBUG org.springframework.test.annotation.ProfileValueUtils - Retrieved @ProfileValueSourceConfiguration [null] for test class [me.arndc.example.testing.automation.SeleniumTest]
10:25:50.826 [main] DEBUG org.springframework.test.annotation.ProfileValueUtils - Retrieved ProfileValueSource type [class org.springframework.test.annotation.SystemProfileValueSource] for class [me.arndc.example.testing.automation.SeleniumTest]
10:25:50.827 [main] DEBUG org.springframework.test.annotation.ProfileValueUtils - Retrieved @ProfileValueSourceConfiguration [null] for test class [me.arndc.example.testing.automation.SeleniumTest]
10:25:50.827 [main] DEBUG org.springframework.test.annotation.ProfileValueUtils - Retrieved ProfileValueSource type [class org.springframework.test.annotation.SystemProfileValueSource] for class [me.arndc.example.testing.automation.SeleniumTest]
10:25:50.830 [main] DEBUG org.springframework.test.context.support.AbstractDirtiesContextTestExecutionListener - Before test class: context [DefaultTestContext@3d680b5a testClass = SeleniumTest, testInstance = [null], testMethod = [null], testException = [null], mergedContextConfiguration = [WebMergedContextConfiguration@4b5d6a01 testClass = SeleniumTest, locations = &apos;{}&apos;, classes = &apos;{class me.arndc.example.testing.automation.ThymeleafApplication, class me.arndc.example.testing.automation.ThymeleafApplication}&apos;, contextInitializerClasses = &apos;[]&apos;, activeProfiles = &apos;{}&apos;, propertySourceLocations = &apos;{}&apos;, propertySourceProperties = &apos;{org.springframework.boot.test.context.SpringBootTestContextBootstrapper=true}&apos;, contextCustomizers = set[org.springframework.boot.test.context.filter.ExcludeFilterContextCustomizer@7a1ebcd8, org.springframework.boot.test.json.DuplicateJsonObjectContextCustomizerFactory$DuplicateJsonObjectContextCustomizer@ea1a8d5, org.springframework.boot.test.mock.mockito.MockitoContextCustomizer@0, org.springframework.boot.test.web.client.TestRestTemplateContextCustomizer@2353b3e6, org.springframework.boot.test.autoconfigure.properties.PropertyMappingContextCustomizer@0, org.springframework.boot.test.autoconfigure.web.servlet.WebDriverContextCustomizerFactory$Customizer@7ce6a65d], resourceBasePath = &apos;src/main/webapp&apos;, contextLoader = &apos;org.springframework.boot.test.context.SpringBootContextLoader&apos;, parent = [null]], attributes = map[&apos;org.springframework.test.context.web.ServletTestExecutionListener.activateListener&apos; -&gt; false]], class annotated with @DirtiesContext [false] with mode [null].
10:25:50.831 [main] DEBUG org.springframework.test.annotation.ProfileValueUtils - Retrieved @ProfileValueSourceConfiguration [null] for test class [me.arndc.example.testing.automation.SeleniumTest]
10:25:50.832 [main] DEBUG org.springframework.test.annotation.ProfileValueUtils - Retrieved ProfileValueSource type [class org.springframework.test.annotation.SystemProfileValueSource] for class [me.arndc.example.testing.automation.SeleniumTest]
10:25:50.836 [main] DEBUG org.springframework.test.context.support.DependencyInjectionTestExecutionListener - Performing dependency injection for test context [[DefaultTestContext@3d680b5a testClass = SeleniumTest, testInstance = me.arndc.example.testing.automation.SeleniumTest@67a20f67, testMethod = [null], testException = [null], mergedContextConfiguration = [WebMergedContextConfiguration@4b5d6a01 testClass = SeleniumTest, locations = &apos;{}&apos;, classes = &apos;{class me.arndc.example.testing.automation.ThymeleafApplication, class me.arndc.example.testing.automation.ThymeleafApplication}&apos;, contextInitializerClasses = &apos;[]&apos;, activeProfiles = &apos;{}&apos;, propertySourceLocations = &apos;{}&apos;, propertySourceProperties = &apos;{org.springframework.boot.test.context.SpringBootTestContextBootstrapper=true}&apos;, contextCustomizers = set[org.springframework.boot.test.context.filter.ExcludeFilterContextCustomizer@7a1ebcd8, org.springframework.boot.test.json.DuplicateJsonObjectContextCustomizerFactory$DuplicateJsonObjectContextCustomizer@ea1a8d5, org.springframework.boot.test.mock.mockito.MockitoContextCustomizer@0, org.springframework.boot.test.web.client.TestRestTemplateContextCustomizer@2353b3e6, org.springframework.boot.test.autoconfigure.properties.PropertyMappingContextCustomizer@0, org.springframework.boot.test.autoconfigure.web.servlet.WebDriverContextCustomizerFactory$Customizer@7ce6a65d], resourceBasePath = &apos;src/main/webapp&apos;, contextLoader = &apos;org.springframework.boot.test.context.SpringBootContextLoader&apos;, parent = [null]], attributes = map[&apos;org.springframework.test.context.web.ServletTestExecutionListener.activateListener&apos; -&gt; false]]].
10:25:50.854 [main] DEBUG org.springframework.test.context.support.TestPropertySourceUtils - Adding inlined properties to environment: {spring.jmx.enabled=false, org.springframework.boot.test.context.SpringBootTestContextBootstrapper=true}

  .   ____          _            __ _ _
 /\\ / ___&apos;_ __ _ _(_)_ __  __ _ \ \ \ \
( ( )\___ | &apos;_ | &apos;_| | &apos;_ \/ _` | \ \ \ \
 \\/  ___)| |_)| | | | | || (_| |  ) ) ) )
  &apos;  |____| .__|_| |_|_| |_\__, | / / / /
 =========|_|==============|___/=/_/_/_/
 :: Spring Boot ::        (v2.1.4.RELEASE)

2020-09-25 10:25:51.346  INFO 23567 --- [           main] m.a.e.testing.automation.SeleniumTest    : Starting SeleniumTest on jenkinsafcepf with PID 23567 (started by jenkins in /var/lib/jenkins/workspace/06-projet-selenium)
2020-09-25 10:25:51.348  INFO 23567 --- [           main] m.a.e.testing.automation.SeleniumTest    : No active profile set, falling back to default profiles: default
2020-09-25 10:25:53.190  INFO 23567 --- [           main] o.s.b.w.embedded.tomcat.TomcatWebServer  : Tomcat initialized with port(s): 8083 (http)
2020-09-25 10:25:53.250  INFO 23567 --- [           main] o.apache.catalina.core.StandardService   : Starting service [Tomcat]
2020-09-25 10:25:53.250  INFO 23567 --- [           main] org.apache.catalina.core.StandardEngine  : Starting Servlet engine: [Apache Tomcat/9.0.17]
2020-09-25 10:25:53.393  INFO 23567 --- [           main] o.a.c.c.C.[Tomcat].[localhost].[/]       : Initializing Spring embedded WebApplicationContext
2020-09-25 10:25:53.394  INFO 23567 --- [           main] o.s.web.context.ContextLoader            : Root WebApplicationContext: initialization completed in 2017 ms
2020-09-25 10:25:53.919  INFO 23567 --- [           main] o.s.s.concurrent.ThreadPoolTaskExecutor  : Initializing ExecutorService &apos;applicationTaskExecutor&apos;
2020-09-25 10:25:54.224  WARN 23567 --- [           main] ion$DefaultTemplateResolverConfiguration : Cannot find template location: classpath:/templates/ (please add some templates or check your Thymeleaf configuration)
2020-09-25 10:25:54.675  INFO 23567 --- [           main] o.s.b.w.embedded.tomcat.TomcatWebServer  : Tomcat started on port(s): 8083 (http) with context path &apos;&apos;
2020-09-25 10:25:54.678  INFO 23567 --- [           main] m.a.e.testing.automation.SeleniumTest    : Started SeleniumTest in 3.823 seconds (JVM running for 4.747)
</stdout>
          <stderr>Starting ChromeDriver 85.0.4183.87 (cd6713ebf92fa1cacc0f1a598df280093af0c5d7-refs/branch-heads/4183@{#1689}) on port 26081
Only local connections are allowed.
Please see https://chromedriver.chromium.org/security-considerations for suggestions on keeping ChromeDriver safe.
ChromeDriver was started successfully.
[1601029555.244][WARNING]: Deprecated chrome option is ignored: useAutomationExtension
[1601029555.247][WARNING]: Deprecated chrome option is ignored: useAutomationExtension
</stderr>
          <failedSince>10</failedSince>
        </case>
        <case>
          <duration>0.604</duration>
          <className>me.arndc.example.testing.automation.SeleniumTest</className>
          <testName>test</testName>
          <skipped>false</skipped>
          <errorStackTrace>java.lang.NullPointerException
	at me.arndc.example.testing.automation.SeleniumTest.tearDown(SeleniumTest.java:55)
</errorStackTrace>
          <failedSince>10</failedSince>
        </case>
      </cases>
    </suite>
  </suites>
  <duration>4.905</duration>
  <keepLongStdio>false</keepLongStdio>
</result>