Started by upstream project "[8mha:////4CpdNn1mpcTOn/3tTy44satfrJw3PrpW2Ka5eSRXYGJqAAAAox+LCAAAAAAAAP9b85aBtbiIQTGjNKU4P08vOT+vOD8nVc83PyU1x6OyILUoJzMv2y+/JJUBAhiZGBgqihhk0NSjKDWzXb3RdlLBUSYGJk8GtpzUvPSSDB8G5tKinBIGIZ+sxLJE/ZzEvHT94JKizLx0a6BxUmjGOUNodHsLgAzBEgZx/az8JH0DQ92Covys1BLdgsTk7MT0VH0ACdygVcwAAAA=[0m01-projet-package" build number [8mha:////4G816lqd7+/Od1j3AIOPId3nr+NzXeWgUfDBfnLV+WXQAAAApR+LCAAAAAAAAP9b85aBtbiIQTGjNKU4P08vOT+vOD8nVc83PyU1x6OyILUoJzMv2y+/JJUBAhiZGBgqihhk0NSjKDWzXb3RdlLBUSYGJk8GtpzUvPSSDB8G5tKinBIGIZ+sxLJE/ZzEvHT94JKizLx0a6BxUmjGOUNodHsLgAymEgZJ/az8JH0DQ92Covys1BLdgsTk7MT0VH1DEwCKh6CxzgAAAA==[0m14
originally caused by:
 Started by an SCM change
Running as SYSTEM
Building in workspace /var/lib/jenkins/workspace/02-projet-test
The recommended git tool is: NONE
No credentials specified
 > /usr/bin/git rev-parse --is-inside-work-tree # timeout=10
Fetching changes from the remote Git repository
 > /usr/bin/git config remote.origin.url https://github.com/Ms-27/Spring-Boot-Hello-World-Example.git # timeout=10
Fetching upstream changes from https://github.com/Ms-27/Spring-Boot-Hello-World-Example.git
 > /usr/bin/git --version # timeout=10
 > git --version # 'git version 2.17.1'
 > /usr/bin/git fetch --tags --progress -- https://github.com/Ms-27/Spring-Boot-Hello-World-Example.git +refs/heads/*:refs/remotes/origin/* # timeout=10
 > /usr/bin/git rev-parse refs/remotes/origin/master^{commit} # timeout=10
Checking out Revision e4a2b186dfad86ddf801e90930f628ecfb364ca2 (refs/remotes/origin/master)
 > /usr/bin/git config core.sparsecheckout # timeout=10
 > /usr/bin/git checkout -f e4a2b186dfad86ddf801e90930f628ecfb364ca2 # timeout=10
Commit message: "Update StandardAssertionsTest.java"
 > /usr/bin/git rev-list --no-walk a3d82b4449a78563847977cc77be123be7cfb78c # timeout=10
[02-projet-test] $ /usr/share/maven/bin/mvn test -Dmaven.test.failure.ignore=true
[[1;34mINFO[m] Scanning for projects...
[[1;34mINFO[m] 
[[1;34mINFO[m] [1m--------------------------< [0;36mcom.reytech:demo[0;1m >--------------------------[m
[[1;34mINFO[m] [1mBuilding demo 0.0.1-SNAPSHOT[m
[[1;34mINFO[m] [1m--------------------------------[ jar ]---------------------------------[m
[[1;34mINFO[m] 
[[1;34mINFO[m] [1m--- [0;32mmaven-resources-plugin:3.1.0:resources[m [1m(default-resources)[m @ [36mdemo[0;1m ---[m
[[1;34mINFO[m] Using 'UTF-8' encoding to copy filtered resources.
[[1;34mINFO[m] Copying 1 resource
[[1;34mINFO[m] Copying 2 resources
[[1;34mINFO[m] 
[[1;34mINFO[m] [1m--- [0;32mmaven-compiler-plugin:3.8.1:compile[m [1m(default-compile)[m @ [36mdemo[0;1m ---[m
[[1;34mINFO[m] Nothing to compile - all classes are up to date
[[1;34mINFO[m] 
[[1;34mINFO[m] [1m--- [0;32mmaven-resources-plugin:3.1.0:testResources[m [1m(default-testResources)[m @ [36mdemo[0;1m ---[m
[[1;34mINFO[m] Using 'UTF-8' encoding to copy filtered resources.
[[1;34mINFO[m] skip non existing resourceDirectory /var/lib/jenkins/workspace/02-projet-test/src/test/resources
[[1;34mINFO[m] 
[[1;34mINFO[m] [1m--- [0;32mmaven-compiler-plugin:3.8.1:testCompile[m [1m(default-testCompile)[m @ [36mdemo[0;1m ---[m
[[1;34mINFO[m] Changes detected - recompiling the module!
[[1;34mINFO[m] Compiling 3 source files to /var/lib/jenkins/workspace/02-projet-test/target/test-classes
[[1;34mINFO[m] 
[[1;34mINFO[m] [1m--- [0;32mmaven-surefire-plugin:2.22.2:test[m [1m(default-test)[m @ [36mdemo[0;1m ---[m
[[1;34mINFO[m] 
[[1;34mINFO[m] -------------------------------------------------------
[[1;34mINFO[m]  T E S T S
[[1;34mINFO[m] -------------------------------------------------------
[[1;34mINFO[m] Running com.reytech.demo.[1mDemoApplicationTests[m
12:29:35.532 [main] DEBUG org.springframework.test.context.BootstrapUtils - Instantiating CacheAwareContextLoaderDelegate from class [org.springframework.test.context.cache.DefaultCacheAwareContextLoaderDelegate]
12:29:35.548 [main] DEBUG org.springframework.test.context.BootstrapUtils - Instantiating BootstrapContext using constructor [public org.springframework.test.context.support.DefaultBootstrapContext(java.lang.Class,org.springframework.test.context.CacheAwareContextLoaderDelegate)]
12:29:35.604 [main] DEBUG org.springframework.test.context.BootstrapUtils - Instantiating TestContextBootstrapper for test class [com.reytech.demo.DemoApplicationTests] from class [org.springframework.boot.test.context.SpringBootTestContextBootstrapper]
12:29:35.639 [main] INFO org.springframework.boot.test.context.SpringBootTestContextBootstrapper - Neither @ContextConfiguration nor @ContextHierarchy found for test class [com.reytech.demo.DemoApplicationTests], using SpringBootContextLoader
12:29:35.643 [main] DEBUG org.springframework.test.context.support.AbstractContextLoader - Did not detect default resource location for test class [com.reytech.demo.DemoApplicationTests]: class path resource [com/reytech/demo/DemoApplicationTests-context.xml] does not exist
12:29:35.644 [main] DEBUG org.springframework.test.context.support.AbstractContextLoader - Did not detect default resource location for test class [com.reytech.demo.DemoApplicationTests]: class path resource [com/reytech/demo/DemoApplicationTestsContext.groovy] does not exist
12:29:35.644 [main] INFO org.springframework.test.context.support.AbstractContextLoader - Could not detect default resource locations for test class [com.reytech.demo.DemoApplicationTests]: no resource found for suffixes {-context.xml, Context.groovy}.
12:29:35.645 [main] INFO org.springframework.test.context.support.AnnotationConfigContextLoaderUtils - Could not detect default configuration classes for test class [com.reytech.demo.DemoApplicationTests]: DemoApplicationTests does not declare any static, non-private, non-final, nested classes annotated with @Configuration.
12:29:35.695 [main] DEBUG org.springframework.test.context.support.ActiveProfilesUtils - Could not find an 'annotation declaring class' for annotation type [org.springframework.test.context.ActiveProfiles] and class [com.reytech.demo.DemoApplicationTests]
12:29:35.796 [main] DEBUG org.springframework.context.annotation.ClassPathScanningCandidateComponentProvider - Identified candidate component class: file [/var/lib/jenkins/workspace/02-projet-test/target/classes/com/reytech/demo/DemoApplication.class]
12:29:35.797 [main] INFO org.springframework.boot.test.context.SpringBootTestContextBootstrapper - Found @SpringBootConfiguration com.reytech.demo.DemoApplication for test class com.reytech.demo.DemoApplicationTests
12:29:35.900 [main] DEBUG org.springframework.boot.test.context.SpringBootTestContextBootstrapper - @TestExecutionListeners is not present for class [com.reytech.demo.DemoApplicationTests]: using defaults.
12:29:35.900 [main] INFO org.springframework.boot.test.context.SpringBootTestContextBootstrapper - Loaded default TestExecutionListener class names from location [META-INF/spring.factories]: [org.springframework.boot.test.mock.mockito.MockitoTestExecutionListener, org.springframework.boot.test.mock.mockito.ResetMocksTestExecutionListener, org.springframework.boot.test.autoconfigure.restdocs.RestDocsTestExecutionListener, org.springframework.boot.test.autoconfigure.web.client.MockRestServiceServerResetTestExecutionListener, org.springframework.boot.test.autoconfigure.web.servlet.MockMvcPrintOnlyOnFailureTestExecutionListener, org.springframework.boot.test.autoconfigure.web.servlet.WebDriverTestExecutionListener, org.springframework.boot.test.autoconfigure.webservices.client.MockWebServiceServerTestExecutionListener, org.springframework.test.context.web.ServletTestExecutionListener, org.springframework.test.context.support.DirtiesContextBeforeModesTestExecutionListener, org.springframework.test.context.support.DependencyInjectionTestExecutionListener, org.springframework.test.context.support.DirtiesContextTestExecutionListener, org.springframework.test.context.transaction.TransactionalTestExecutionListener, org.springframework.test.context.jdbc.SqlScriptsTestExecutionListener, org.springframework.test.context.event.EventPublishingTestExecutionListener]
12:29:35.919 [main] DEBUG org.springframework.boot.test.context.SpringBootTestContextBootstrapper - Skipping candidate TestExecutionListener [org.springframework.test.context.transaction.TransactionalTestExecutionListener] due to a missing dependency. Specify custom listener classes or make the default listener classes and their required dependencies available. Offending class: [org/springframework/transaction/TransactionDefinition]
12:29:35.920 [main] DEBUG org.springframework.boot.test.context.SpringBootTestContextBootstrapper - Skipping candidate TestExecutionListener [org.springframework.test.context.jdbc.SqlScriptsTestExecutionListener] due to a missing dependency. Specify custom listener classes or make the default listener classes and their required dependencies available. Offending class: [org/springframework/transaction/interceptor/TransactionAttribute]
12:29:35.923 [main] INFO org.springframework.boot.test.context.SpringBootTestContextBootstrapper - Using TestExecutionListeners: [org.springframework.test.context.web.ServletTestExecutionListener@54bff557, org.springframework.test.context.support.DirtiesContextBeforeModesTestExecutionListener@593aaf41, org.springframework.boot.test.mock.mockito.MockitoTestExecutionListener@5a56cdac, org.springframework.boot.test.autoconfigure.SpringBootDependencyInjectionTestExecutionListener@7c711375, org.springframework.test.context.support.DirtiesContextTestExecutionListener@57cf54e1, org.springframework.test.context.event.EventPublishingTestExecutionListener@5b03b9fe, org.springframework.boot.test.mock.mockito.ResetMocksTestExecutionListener@37d4349f, org.springframework.boot.test.autoconfigure.restdocs.RestDocsTestExecutionListener@434a63ab, org.springframework.boot.test.autoconfigure.web.client.MockRestServiceServerResetTestExecutionListener@6e0f5f7f, org.springframework.boot.test.autoconfigure.web.servlet.MockMvcPrintOnlyOnFailureTestExecutionListener@2805d709, org.springframework.boot.test.autoconfigure.web.servlet.WebDriverTestExecutionListener@3ee37e5a, org.springframework.boot.test.autoconfigure.webservices.client.MockWebServiceServerTestExecutionListener@2ea41516]
12:29:35.929 [main] DEBUG org.springframework.test.context.support.AbstractDirtiesContextTestExecutionListener - Before test class: context [DefaultTestContext@4dbb42b7 testClass = DemoApplicationTests, testInstance = [null], testMethod = [null], testException = [null], mergedContextConfiguration = [WebMergedContextConfiguration@66f57048 testClass = DemoApplicationTests, locations = '{}', classes = '{class com.reytech.demo.DemoApplication}', contextInitializerClasses = '[]', activeProfiles = '{}', propertySourceLocations = '{}', propertySourceProperties = '{org.springframework.boot.test.context.SpringBootTestContextBootstrapper=true}', contextCustomizers = set[org.springframework.boot.test.context.filter.ExcludeFilterContextCustomizer@59d016c9, org.springframework.boot.test.json.DuplicateJsonObjectContextCustomizerFactory$DuplicateJsonObjectContextCustomizer@3967e60c, org.springframework.boot.test.mock.mockito.MockitoContextCustomizer@0, org.springframework.boot.test.web.client.TestRestTemplateContextCustomizer@5be6e01c, org.springframework.boot.test.autoconfigure.properties.PropertyMappingContextCustomizer@0, org.springframework.boot.test.autoconfigure.web.servlet.WebDriverContextCustomizerFactory$Customizer@63021689, org.springframework.boot.test.context.SpringBootTestArgs@1], resourceBasePath = 'src/main/webapp', contextLoader = 'org.springframework.boot.test.context.SpringBootContextLoader', parent = [null]], attributes = map['org.springframework.test.context.web.ServletTestExecutionListener.activateListener' -> true]], class annotated with @DirtiesContext [false] with mode [null].
BeforeAll
12:29:35.984 [main] DEBUG org.springframework.test.context.support.TestPropertySourceUtils - Adding inlined properties to environment: {spring.jmx.enabled=false, org.springframework.boot.test.context.SpringBootTestContextBootstrapper=true}

  .   ____          _            __ _ _
 /\\ / ___'_ __ _ _(_)_ __  __ _ \ \ \ \
( ( )\___ | '_ | '_| | '_ \/ _` | \ \ \ \
 \\/  ___)| |_)| | | | | || (_| |  ) ) ) )
  '  |____| .__|_| |_|_| |_\__, | / / / /
 =========|_|==============|___/=/_/_/_/
 :: Spring Boot ::        (v2.3.1.RELEASE)

2020-09-22 12:29:36.475  INFO 12180 --- [           main] com.reytech.demo.DemoApplicationTests    : Starting DemoApplicationTests on jenkinsafcepf with PID 12180 (started by jenkins in /var/lib/jenkins/workspace/02-projet-test)
2020-09-22 12:29:36.482  INFO 12180 --- [           main] com.reytech.demo.DemoApplicationTests    : No active profile set, falling back to default profiles: default
2020-09-22 12:29:38.137  INFO 12180 --- [           main] o.s.s.concurrent.ThreadPoolTaskExecutor  : Initializing ExecutorService 'applicationTaskExecutor'
2020-09-22 12:29:38.722  INFO 12180 --- [           main] com.reytech.demo.DemoApplicationTests    : Started DemoApplicationTests in 2.729 seconds (JVM running for 3.989)
BeforeEach
TEST 2
AfterEach
BeforeEach
TEST 1
AfterEach
AfterAll
[[1;34mINFO[m] [1;32mTests run: [0;1;32m2[m, Failures: 0, Errors: 0, Skipped: 0, Time elapsed: 3.506 s - in com.reytech.demo.[1mDemoApplicationTests[m
[[1;34mINFO[m] Running com.reytech.demo.[1mStandardAssertionsTest[m
2020-09-22 12:29:38.973  INFO 12180 --- [           main] .b.t.c.SpringBootTestContextBootstrapper : Neither @ContextConfiguration nor @ContextHierarchy found for test class [com.reytech.demo.StandardAssertionsTest], using SpringBootContextLoader
2020-09-22 12:29:38.977  INFO 12180 --- [           main] o.s.t.c.support.AbstractContextLoader    : Could not detect default resource locations for test class [com.reytech.demo.StandardAssertionsTest]: no resource found for suffixes {-context.xml, Context.groovy}.
2020-09-22 12:29:38.978  INFO 12180 --- [           main] t.c.s.AnnotationConfigContextLoaderUtils : Could not detect default configuration classes for test class [com.reytech.demo.StandardAssertionsTest]: StandardAssertionsTest does not declare any static, non-private, non-final, nested classes annotated with @Configuration.
2020-09-22 12:29:38.985  INFO 12180 --- [           main] .b.t.c.SpringBootTestContextBootstrapper : Found @SpringBootConfiguration com.reytech.demo.DemoApplication for test class com.reytech.demo.StandardAssertionsTest
2020-09-22 12:29:39.007  INFO 12180 --- [           main] .b.t.c.SpringBootTestContextBootstrapper : Loaded default TestExecutionListener class names from location [META-INF/spring.factories]: [org.springframework.boot.test.mock.mockito.MockitoTestExecutionListener, org.springframework.boot.test.mock.mockito.ResetMocksTestExecutionListener, org.springframework.boot.test.autoconfigure.restdocs.RestDocsTestExecutionListener, org.springframework.boot.test.autoconfigure.web.client.MockRestServiceServerResetTestExecutionListener, org.springframework.boot.test.autoconfigure.web.servlet.MockMvcPrintOnlyOnFailureTestExecutionListener, org.springframework.boot.test.autoconfigure.web.servlet.WebDriverTestExecutionListener, org.springframework.boot.test.autoconfigure.webservices.client.MockWebServiceServerTestExecutionListener, org.springframework.test.context.web.ServletTestExecutionListener, org.springframework.test.context.support.DirtiesContextBeforeModesTestExecutionListener, org.springframework.test.context.support.DependencyInjectionTestExecutionListener, org.springframework.test.context.support.DirtiesContextTestExecutionListener, org.springframework.test.context.transaction.TransactionalTestExecutionListener, org.springframework.test.context.jdbc.SqlScriptsTestExecutionListener, org.springframework.test.context.event.EventPublishingTestExecutionListener]
2020-09-22 12:29:39.008  INFO 12180 --- [           main] .b.t.c.SpringBootTestContextBootstrapper : Using TestExecutionListeners: [org.springframework.test.context.web.ServletTestExecutionListener@7c9bdee9, org.springframework.test.context.support.DirtiesContextBeforeModesTestExecutionListener@7afbf561, org.springframework.boot.test.mock.mockito.MockitoTestExecutionListener@2f98635e, org.springframework.boot.test.autoconfigure.SpringBootDependencyInjectionTestExecutionListener@49c8f6e8, org.springframework.test.context.support.DirtiesContextTestExecutionListener@6b0615ae, org.springframework.test.context.event.EventPublishingTestExecutionListener@4e73b552, org.springframework.boot.test.mock.mockito.ResetMocksTestExecutionListener@221dad51, org.springframework.boot.test.autoconfigure.restdocs.RestDocsTestExecutionListener@2cec704c, org.springframework.boot.test.autoconfigure.web.client.MockRestServiceServerResetTestExecutionListener@771cbb1a, org.springframework.boot.test.autoconfigure.web.servlet.MockMvcPrintOnlyOnFailureTestExecutionListener@2416498e, org.springframework.boot.test.autoconfigure.web.servlet.WebDriverTestExecutionListener@6b2e0f78, org.springframework.boot.test.autoconfigure.webservices.client.MockWebServiceServerTestExecutionListener@240f6c41]
[[1;31mERROR[m] [1;31mTests [0;1mrun: [0;1m2[m, [1;31mFailures: [0;1;31m1[m, Errors: 0, Skipped: 0, Time elapsed: 0.033 s[1;31m <<< FAILURE![m - in com.reytech.demo.[1mStandardAssertionsTest[m
[[1;31mERROR[m] standardAssertions  Time elapsed: 0.014 s  <<< FAILURE!
org.opentest4j.AssertionFailedError: expected: <2> but was: <3>
	at com.reytech.demo.StandardAssertionsTest.standardAssertions(StandardAssertionsTest.java:22)

2020-09-22 12:29:39.088  INFO 12180 --- [extShutdownHook] o.s.s.concurrent.ThreadPoolTaskExecutor  : Shutting down ExecutorService 'applicationTaskExecutor'
[[1;34mINFO[m] 
[[1;34mINFO[m] Results:
[[1;34mINFO[m] 
[[1;31mERROR[m] [1;31mFailures: [m
[[1;31mERROR[m] [1;31m  StandardAssertionsTest.standardAssertions:22 expected: <2> but was: <3>[m
[[1;34mINFO[m] 
[[1;31mERROR[m] [1;31mTests run: 4, Failures: 1, Errors: 0, Skipped: 0[m
[[1;34mINFO[m] 
[[1;31mERROR[m] There are test failures.

Please refer to /var/lib/jenkins/workspace/02-projet-test/target/surefire-reports for the individual test results.
Please refer to dump files (if any exist) [date].dump, [date]-jvmRun[N].dump and [date].dumpstream.
[[1;34mINFO[m] [1m------------------------------------------------------------------------[m
[[1;34mINFO[m] [1;32mBUILD SUCCESS[m
[[1;34mINFO[m] [1m------------------------------------------------------------------------[m
[[1;34mINFO[m] Total time:  7.715 s
[[1;34mINFO[m] Finished at: 2020-09-22T12:29:39Z
[[1;34mINFO[m] [1m------------------------------------------------------------------------[m
Recording test results
Build step 'Publish JUnit test result report' changed build result to UNSTABLE
Triggering a new build of [8mha:////4GIIx6pXqd4bzOyNCyvGLA3qr56i7DrQTE3xuM/ihvJkAAAAnx+LCAAAAAAAAP9b85aBtbiIQTGjNKU4P08vOT+vOD8nVc83PyU1x6OyILUoJzMv2y+/JJUBAhiZGBgqihhk0NSjKDWzXb3RdlLBUSYGJk8GtpzUvPSSDB8G5tKinBIGIZ+sxLJE/ZzEvHT94JKizLx0a6BxUmjGOUNodHsLgAzeEgZh/az8JH0DY92Covys1BLdtMw8fQDszIGUyAAAAA==[0m03-projet-fin
Finished: UNSTABLE
